<?xml version="1.0" encoding="UTF-8"?>
<!-- Generated by org.testng.reporters.JUnitXMLReporter -->
<testsuite ignored="0" hostname="DESKTOP-MQONLJS" failures="0" tests="1" name="Test_Edge" time="70.192" errors="0" timestamp="2022-08-12T15:30:21 IST">
  <testcase classname="com.Utility.Baseclass" name="@BeforeMethod setUp" time="69.886">
    <failure type="org.openqa.selenium.SessionNotCreatedException" message="session not created
from disconnected: received Inspector.detached event
  (Session info: chrome=104.0.5112.81)
Build info: version: &amp;apos;3.141.59&amp;apos;, revision: &amp;apos;e82be7d358&amp;apos;, time: &amp;apos;2018-11-14T08:17:03&amp;apos;
System info: host: &amp;apos;DESKTOP-MQONLJS&amp;apos;, ip: &amp;apos;192.168.165.218&amp;apos;, os.name: &amp;apos;Windows 10&amp;apos;, os.arch: &amp;apos;amd64&amp;apos;, os.version: &amp;apos;10.0&amp;apos;, java.version: &amp;apos;18.0.1.1&amp;apos;
Driver info: driver.version: ChromeDriver
remote stacktrace: Backtrace:
	Ordinal0 [0x003778B3+2193587]
	Ordinal0 [0x00310681+1771137]
	Ordinal0 [0x002241A8+803240]
	Ordinal0 [0x00217E1E+753182]
	Ordinal0 [0x00217A0F+752143]
	Ordinal0 [0x00216FAF+749487]
	Ordinal0 [0x00215E94+745108]
	Ordinal0 [0x0021636D+746349]
	Ordinal0 [0x00215AA5+744101]
	Ordinal0 [0x0021FD53+785747]
	Ordinal0 [0x00215A55+744021]
	Ordinal0 [0x00216B58+748376]
	Ordinal0 [0x00215E94+745108]
	Ordinal0 [0x0021636D+746349]
	Ordinal0 [0x00215AA5+744101]
	Ordinal0 [0x0021DA58+776792]
	Ordinal0 [0x00215A55+744021]
	Ordinal0 [0x00216B58+748376]
	Ordinal0 [0x00215E94+745108]
	Ordinal0 [0x0021636D+746349]
	Ordinal0 [0x00215AA5+744101]
	Ordinal0 [0x0021B452+767058]
	Ordinal0 [0x00215A55+744021]
	Ordinal0 [0x00216B58+748376]
	Ordinal0 [0x00215E94+745108]
	Ordinal0 [0x0021636D+746349]
	Ordinal0 [0x00215AA5+744101]
	Ordinal0 [0x0021148D+726157]
	Ordinal0 [0x00215A55+744021]
	Ordinal0 [0x002157E0+743392]
	Ordinal0 [0x00215529+742697]
	Ordinal0 [0x00225500+808192]
	Ordinal0 [0x00273449+1127497]
	Ordinal0 [0x0027200A+1122314]
	Ordinal0 [0x0026D5C6+1103302]
	Ordinal0 [0x002477E0+948192]
	Ordinal0 [0x002486E6+952038]
	GetHandleVerifier [0x00620CB2+2738370]
	GetHandleVerifier [0x006121B8+2678216]
	GetHandleVerifier [0x004017AA+512954]
	GetHandleVerifier [0x00400856+509030]
	Ordinal0 [0x0031743B+1799227]
	Ordinal0 [0x0031BB68+1817448]
	Ordinal0 [0x0031BC55+1817685]
	Ordinal0 [0x00325230+1856048]
	BaseThreadInitThunk [0x770CFA29+25]
	RtlGetAppContainerNamedObjectPath [0x77487A9E+286]
	RtlGetAppContainerNamedObjectPath [0x77487A6E+238]
">
      <![CDATA[org.openqa.selenium.SessionNotCreatedException: session not created
from disconnected: received Inspector.detached event
  (Session info: chrome=104.0.5112.81)
Build info: version: '3.141.59', revision: 'e82be7d358', time: '2018-11-14T08:17:03'
System info: host: 'DESKTOP-MQONLJS', ip: '192.168.165.218', os.name: 'Windows 10', os.arch: 'amd64', os.version: '10.0', java.version: '18.0.1.1'
Driver info: driver.version: ChromeDriver
remote stacktrace: Backtrace:
Ordinal0 [0x003778B3+2193587]
Ordinal0 [0x00310681+1771137]
Ordinal0 [0x002241A8+803240]
Ordinal0 [0x00217E1E+753182]
Ordinal0 [0x00217A0F+752143]
Ordinal0 [0x00216FAF+749487]
Ordinal0 [0x00215E94+745108]
Ordinal0 [0x0021636D+746349]
Ordinal0 [0x00215AA5+744101]
Ordinal0 [0x0021FD53+785747]
Ordinal0 [0x00215A55+744021]
Ordinal0 [0x00216B58+748376]
Ordinal0 [0x00215E94+745108]
Ordinal0 [0x0021636D+746349]
Ordinal0 [0x00215AA5+744101]
Ordinal0 [0x0021DA58+776792]
Ordinal0 [0x00215A55+744021]
Ordinal0 [0x00216B58+748376]
Ordinal0 [0x00215E94+745108]
Ordinal0 [0x0021636D+746349]
Ordinal0 [0x00215AA5+744101]
Ordinal0 [0x0021B452+767058]
Ordinal0 [0x00215A55+744021]
Ordinal0 [0x00216B58+748376]
Ordinal0 [0x00215E94+745108]
Ordinal0 [0x0021636D+746349]
Ordinal0 [0x00215AA5+744101]
Ordinal0 [0x0021148D+726157]
Ordinal0 [0x00215A55+744021]
Ordinal0 [0x002157E0+743392]
Ordinal0 [0x00215529+742697]
Ordinal0 [0x00225500+808192]
Ordinal0 [0x00273449+1127497]
Ordinal0 [0x0027200A+1122314]
Ordinal0 [0x0026D5C6+1103302]
Ordinal0 [0x002477E0+948192]
Ordinal0 [0x002486E6+952038]
GetHandleVerifier [0x00620CB2+2738370]
GetHandleVerifier [0x006121B8+2678216]
GetHandleVerifier [0x004017AA+512954]
GetHandleVerifier [0x00400856+509030]
Ordinal0 [0x0031743B+1799227]
Ordinal0 [0x0031BB68+1817448]
Ordinal0 [0x0031BC55+1817685]
Ordinal0 [0x00325230+1856048]
BaseThreadInitThunk [0x770CFA29+25]
RtlGetAppContainerNamedObjectPath [0x77487A9E+286]
RtlGetAppContainerNamedObjectPath [0x77487A6E+238]

at org.openqa.selenium.remote.W3CHandshakeResponse.lambda$errorHandler$0(W3CHandshakeResponse.java:62)
at org.openqa.selenium.remote.HandshakeResponse.lambda$getResponseFunction$0(HandshakeResponse.java:30)
at org.openqa.selenium.remote.ProtocolHandshake.lambda$createSession$0(ProtocolHandshake.java:126)
at java.base/java.util.stream.ReferencePipeline$3$1.accept(ReferencePipeline.java:197)
at java.base/java.util.Spliterators$ArraySpliterator.tryAdvance(Spliterators.java:1002)
at java.base/java.util.stream.ReferencePipeline.forEachWithCancel(ReferencePipeline.java:129)
at java.base/java.util.stream.AbstractPipeline.copyIntoWithCancel(AbstractPipeline.java:527)
at java.base/java.util.stream.AbstractPipeline.copyInto(AbstractPipeline.java:513)
at java.base/java.util.stream.AbstractPipeline.wrapAndCopyInto(AbstractPipeline.java:499)
at java.base/java.util.stream.FindOps$FindOp.evaluateSequential(FindOps.java:150)
at java.base/java.util.stream.AbstractPipeline.evaluate(AbstractPipeline.java:234)
at java.base/java.util.stream.ReferencePipeline.findFirst(ReferencePipeline.java:647)
at org.openqa.selenium.remote.ProtocolHandshake.createSession(ProtocolHandshake.java:128)
at org.openqa.selenium.remote.ProtocolHandshake.createSession(ProtocolHandshake.java:74)
at org.openqa.selenium.remote.HttpCommandExecutor.execute(HttpCommandExecutor.java:136)
at org.openqa.selenium.remote.service.DriverCommandExecutor.execute(DriverCommandExecutor.java:83)
at org.openqa.selenium.remote.RemoteWebDriver.execute(RemoteWebDriver.java:552)
at org.openqa.selenium.remote.RemoteWebDriver.startSession(RemoteWebDriver.java:213)
at org.openqa.selenium.remote.RemoteWebDriver.<init>(RemoteWebDriver.java:131)
at org.openqa.selenium.chrome.ChromeDriver.<init>(ChromeDriver.java:181)
at org.openqa.selenium.chrome.ChromeDriver.<init>(ChromeDriver.java:168)
at org.openqa.selenium.chrome.ChromeDriver.<init>(ChromeDriver.java:123)
at com.Utility.Baseclass.setUp(Baseclass.java:26)
at java.base/java.util.ArrayList.forEach(ArrayList.java:1511)
... Removed 32 stack frames]]>
    </failure>
  </testcase> <!-- @BeforeMethod setUp -->
  <testcase classname="com.Utility.Baseclass" name="@AfterMethod tearDown" time="-1.660298421322E9">
    <skipped/>
  </testcase> <!-- @AfterMethod tearDown -->
  <testcase classname="com.Test.Test_1" name="verifyTc_001" time="0.0">
    <skipped/>
  </testcase> <!-- verifyTc_001 -->
</testsuite> <!-- Test_Edge -->
