<!DOCTYPE html PUBLIC "-//W3C//DTD XHTML 1.1//EN" "https://www.w3.org/TR/xhtml11/DTD/xhtml11.dtd">
<html xmlns="https://www.w3.org/1999/xhtml">
<head>
<meta http-equiv="content-type" content="text/html; charset=UTF-8"/>
<title>TestNG Report</title>
<style type="text/css">table {margin-bottom:10px;border-collapse:collapse;empty-cells:show}th,td {border:1px solid #009;padding:.25em .5em}th {vertical-align:bottom}td {vertical-align:top}table a {font-weight:bold}.stripe td {background-color: #E6EBF9}.num {text-align:right}.passedodd td {background-color: #3F3}.passedeven td {background-color: #0A0}.skippedodd td {background-color: #DDD}.skippedeven td {background-color: #CCC}.failedodd td,.attn {background-color: #F33}.failedeven td,.stripe .attn {background-color: #D00}.stacktrace {white-space:pre;font-family:monospace}.totop {font-size:85%;text-align:center;border-bottom:2px solid #000}.invisible {display:none}</style>
</head>
<body>
<table>
<tr><th>Test</th><th># Passed</th><th># Skipped</th><th># Retried</th><th># Failed</th><th>Time (ms)</th><th>Included Groups</th><th>Excluded Groups</th></tr>
<tr><th colspan="8">Suite</th></tr>
<tr><td><a href="#t0">Test_Edge</a></td><td class="num">0</td><td class="num attn">1</td><td class="num">0</td><td class="num">0</td><td class="num">70,192</td><td></td><td></td></tr>
<tr class="stripe"><td><a href="#t1">Test_Chrome</a></td><td class="num">0</td><td class="num attn">1</td><td class="num">0</td><td class="num">0</td><td class="num">9,492</td><td></td><td></td></tr>
<tr><th>Total</th><th class="num">0</th><th class="num attn">2</th><th class="num">0</th><th class="num">0</th><th class="num">79,684</th><th colspan="2"></th></tr>
</table>
<table id='summary'><thead><tr><th>Class</th><th>Method</th><th>Start</th><th>Time (ms)</th></tr></thead><tbody><tr><th colspan="4">Suite</th></tr></tbody><tbody id="t0"><tr><th colspan="4">Test_Edge &#8212; failed (configuration methods)</th></tr><tr class="failedeven"><td rowspan="1">com.Test.Test_1</td><td><a href="#m0">setUp</a></td><td rowspan="1">1660298351260</td><td rowspan="1">69886</td></tr><tr><th colspan="4">Test_Edge &#8212; skipped (configuration methods)</th></tr><tr class="skippedeven"><td rowspan="1">com.Test.Test_1</td><td><a href="#m1">tearDown</a></td><td rowspan="1">1660298421322</td><td rowspan="1">-1660298421322</td></tr><tr><th colspan="4">Test_Edge &#8212; skipped</th></tr><tr class="skippedeven"><td rowspan="1">com.Test.Test_1</td><td><a href="#m2">verifyTc_001</a></td><td rowspan="1">1660298421186</td><td rowspan="1">0</td></tr></tbody>
<tbody id="t1"><tr><th colspan="4">Test_Chrome &#8212; failed (configuration methods)</th></tr><tr class="failedeven"><td rowspan="1">com.Test.Test_1</td><td><a href="#m3">setUp</a></td><td rowspan="1">1660298422740</td><td rowspan="1">9475</td></tr><tr><th colspan="4">Test_Chrome &#8212; skipped (configuration methods)</th></tr><tr class="skippedeven"><td rowspan="1">com.Test.Test_1</td><td><a href="#m4">tearDown</a></td><td rowspan="1">1660298432226</td><td rowspan="1">-1660298432226</td></tr><tr><th colspan="4">Test_Chrome &#8212; skipped</th></tr><tr class="skippedeven"><td rowspan="1">com.Test.Test_1</td><td><a href="#m5">verifyTc_001</a></td><td rowspan="1">1660298432222</td><td rowspan="1">0</td></tr></tbody>
</table>
<h2>Test_Edge</h2><h3 id="m0">com.Test.Test_1#setUp</h3><table class="result"><tr><th>Exception</th></tr><tr><td><div class="stacktrace">org.openqa.selenium.SessionNotCreatedException: session not created
from disconnected: received Inspector.detached event
  (Session info: chrome=104.0.5112.81)
Build info: version: &apos;3.141.59&apos;, revision: &apos;e82be7d358&apos;, time: &apos;2018-11-14T08:17:03&apos;
System info: host: &apos;DESKTOP-MQONLJS&apos;, ip: &apos;192.168.165.218&apos;, os.name: &apos;Windows 10&apos;, os.arch: &apos;amd64&apos;, os.version: &apos;10.0&apos;, java.version: &apos;18.0.1.1&apos;
Driver info: driver.version: ChromeDriver
remote stacktrace: Backtrace:
	Ordinal0 [0x003778B3+2193587]
	Ordinal0 [0x00310681+1771137]
	Ordinal0 [0x002241A8+803240]
	Ordinal0 [0x00217E1E+753182]
	Ordinal0 [0x00217A0F+752143]
	Ordinal0 [0x00216FAF+749487]
	Ordinal0 [0x00215E94+745108]
	Ordinal0 [0x0021636D+746349]
	Ordinal0 [0x00215AA5+744101]
	Ordinal0 [0x0021FD53+785747]
	Ordinal0 [0x00215A55+744021]
	Ordinal0 [0x00216B58+748376]
	Ordinal0 [0x00215E94+745108]
	Ordinal0 [0x0021636D+746349]
	Ordinal0 [0x00215AA5+744101]
	Ordinal0 [0x0021DA58+776792]
	Ordinal0 [0x00215A55+744021]
	Ordinal0 [0x00216B58+748376]
	Ordinal0 [0x00215E94+745108]
	Ordinal0 [0x0021636D+746349]
	Ordinal0 [0x00215AA5+744101]
	Ordinal0 [0x0021B452+767058]
	Ordinal0 [0x00215A55+744021]
	Ordinal0 [0x00216B58+748376]
	Ordinal0 [0x00215E94+745108]
	Ordinal0 [0x0021636D+746349]
	Ordinal0 [0x00215AA5+744101]
	Ordinal0 [0x0021148D+726157]
	Ordinal0 [0x00215A55+744021]
	Ordinal0 [0x002157E0+743392]
	Ordinal0 [0x00215529+742697]
	Ordinal0 [0x00225500+808192]
	Ordinal0 [0x00273449+1127497]
	Ordinal0 [0x0027200A+1122314]
	Ordinal0 [0x0026D5C6+1103302]
	Ordinal0 [0x002477E0+948192]
	Ordinal0 [0x002486E6+952038]
	GetHandleVerifier [0x00620CB2+2738370]
	GetHandleVerifier [0x006121B8+2678216]
	GetHandleVerifier [0x004017AA+512954]
	GetHandleVerifier [0x00400856+509030]
	Ordinal0 [0x0031743B+1799227]
	Ordinal0 [0x0031BB68+1817448]
	Ordinal0 [0x0031BC55+1817685]
	Ordinal0 [0x00325230+1856048]
	BaseThreadInitThunk [0x770CFA29+25]
	RtlGetAppContainerNamedObjectPath [0x77487A9E+286]
	RtlGetAppContainerNamedObjectPath [0x77487A6E+238]

	at org.openqa.selenium.remote.W3CHandshakeResponse.lambda$errorHandler$0(W3CHandshakeResponse.java:62)
	at org.openqa.selenium.remote.HandshakeResponse.lambda$getResponseFunction$0(HandshakeResponse.java:30)
	at org.openqa.selenium.remote.ProtocolHandshake.lambda$createSession$0(ProtocolHandshake.java:126)
	at java.base/java.util.stream.ReferencePipeline$3$1.accept(ReferencePipeline.java:197)
	at java.base/java.util.Spliterators$ArraySpliterator.tryAdvance(Spliterators.java:1002)
	at java.base/java.util.stream.ReferencePipeline.forEachWithCancel(ReferencePipeline.java:129)
	at java.base/java.util.stream.AbstractPipeline.copyIntoWithCancel(AbstractPipeline.java:527)
	at java.base/java.util.stream.AbstractPipeline.copyInto(AbstractPipeline.java:513)
	at java.base/java.util.stream.AbstractPipeline.wrapAndCopyInto(AbstractPipeline.java:499)
	at java.base/java.util.stream.FindOps$FindOp.evaluateSequential(FindOps.java:150)
	at java.base/java.util.stream.AbstractPipeline.evaluate(AbstractPipeline.java:234)
	at java.base/java.util.stream.ReferencePipeline.findFirst(ReferencePipeline.java:647)
	at org.openqa.selenium.remote.ProtocolHandshake.createSession(ProtocolHandshake.java:128)
	at org.openqa.selenium.remote.ProtocolHandshake.createSession(ProtocolHandshake.java:74)
	at org.openqa.selenium.remote.HttpCommandExecutor.execute(HttpCommandExecutor.java:136)
	at org.openqa.selenium.remote.service.DriverCommandExecutor.execute(DriverCommandExecutor.java:83)
	at org.openqa.selenium.remote.RemoteWebDriver.execute(RemoteWebDriver.java:552)
	at org.openqa.selenium.remote.RemoteWebDriver.startSession(RemoteWebDriver.java:213)
	at org.openqa.selenium.remote.RemoteWebDriver.&lt;init&gt;(RemoteWebDriver.java:131)
	at org.openqa.selenium.chrome.ChromeDriver.&lt;init&gt;(ChromeDriver.java:181)
	at org.openqa.selenium.chrome.ChromeDriver.&lt;init&gt;(ChromeDriver.java:168)
	at org.openqa.selenium.chrome.ChromeDriver.&lt;init&gt;(ChromeDriver.java:123)
	at com.Utility.Baseclass.setUp(Baseclass.java:26)
	at java.base/java.util.ArrayList.forEach(ArrayList.java:1511)
... Removed 32 stack frames</div></td></tr></table><p class="totop"><a href="#summary">back to summary</a></p>
<h3 id="m1">com.Test.Test_1#tearDown</h3><table class="result"><tr><th class="invisible"/></tr></table><p class="totop"><a href="#summary">back to summary</a></p>
<h3 id="m2">com.Test.Test_1#verifyTc_001</h3><table class="result"><tr><th>Exception</th></tr><tr><td><div class="stacktrace">org.openqa.selenium.SessionNotCreatedException: session not created
from disconnected: received Inspector.detached event
  (Session info: chrome=104.0.5112.81)
Build info: version: &apos;3.141.59&apos;, revision: &apos;e82be7d358&apos;, time: &apos;2018-11-14T08:17:03&apos;
System info: host: &apos;DESKTOP-MQONLJS&apos;, ip: &apos;192.168.165.218&apos;, os.name: &apos;Windows 10&apos;, os.arch: &apos;amd64&apos;, os.version: &apos;10.0&apos;, java.version: &apos;18.0.1.1&apos;
Driver info: driver.version: ChromeDriver
remote stacktrace: Backtrace:
	Ordinal0 [0x003778B3+2193587]
	Ordinal0 [0x00310681+1771137]
	Ordinal0 [0x002241A8+803240]
	Ordinal0 [0x00217E1E+753182]
	Ordinal0 [0x00217A0F+752143]
	Ordinal0 [0x00216FAF+749487]
	Ordinal0 [0x00215E94+745108]
	Ordinal0 [0x0021636D+746349]
	Ordinal0 [0x00215AA5+744101]
	Ordinal0 [0x0021FD53+785747]
	Ordinal0 [0x00215A55+744021]
	Ordinal0 [0x00216B58+748376]
	Ordinal0 [0x00215E94+745108]
	Ordinal0 [0x0021636D+746349]
	Ordinal0 [0x00215AA5+744101]
	Ordinal0 [0x0021DA58+776792]
	Ordinal0 [0x00215A55+744021]
	Ordinal0 [0x00216B58+748376]
	Ordinal0 [0x00215E94+745108]
	Ordinal0 [0x0021636D+746349]
	Ordinal0 [0x00215AA5+744101]
	Ordinal0 [0x0021B452+767058]
	Ordinal0 [0x00215A55+744021]
	Ordinal0 [0x00216B58+748376]
	Ordinal0 [0x00215E94+745108]
	Ordinal0 [0x0021636D+746349]
	Ordinal0 [0x00215AA5+744101]
	Ordinal0 [0x0021148D+726157]
	Ordinal0 [0x00215A55+744021]
	Ordinal0 [0x002157E0+743392]
	Ordinal0 [0x00215529+742697]
	Ordinal0 [0x00225500+808192]
	Ordinal0 [0x00273449+1127497]
	Ordinal0 [0x0027200A+1122314]
	Ordinal0 [0x0026D5C6+1103302]
	Ordinal0 [0x002477E0+948192]
	Ordinal0 [0x002486E6+952038]
	GetHandleVerifier [0x00620CB2+2738370]
	GetHandleVerifier [0x006121B8+2678216]
	GetHandleVerifier [0x004017AA+512954]
	GetHandleVerifier [0x00400856+509030]
	Ordinal0 [0x0031743B+1799227]
	Ordinal0 [0x0031BB68+1817448]
	Ordinal0 [0x0031BC55+1817685]
	Ordinal0 [0x00325230+1856048]
	BaseThreadInitThunk [0x770CFA29+25]
	RtlGetAppContainerNamedObjectPath [0x77487A9E+286]
	RtlGetAppContainerNamedObjectPath [0x77487A6E+238]

	at org.openqa.selenium.remote.W3CHandshakeResponse.lambda$errorHandler$0(W3CHandshakeResponse.java:62)
	at org.openqa.selenium.remote.HandshakeResponse.lambda$getResponseFunction$0(HandshakeResponse.java:30)
	at org.openqa.selenium.remote.ProtocolHandshake.lambda$createSession$0(ProtocolHandshake.java:126)
	at java.base/java.util.stream.ReferencePipeline$3$1.accept(ReferencePipeline.java:197)
	at java.base/java.util.Spliterators$ArraySpliterator.tryAdvance(Spliterators.java:1002)
	at java.base/java.util.stream.ReferencePipeline.forEachWithCancel(ReferencePipeline.java:129)
	at java.base/java.util.stream.AbstractPipeline.copyIntoWithCancel(AbstractPipeline.java:527)
	at java.base/java.util.stream.AbstractPipeline.copyInto(AbstractPipeline.java:513)
	at java.base/java.util.stream.AbstractPipeline.wrapAndCopyInto(AbstractPipeline.java:499)
	at java.base/java.util.stream.FindOps$FindOp.evaluateSequential(FindOps.java:150)
	at java.base/java.util.stream.AbstractPipeline.evaluate(AbstractPipeline.java:234)
	at java.base/java.util.stream.ReferencePipeline.findFirst(ReferencePipeline.java:647)
	at org.openqa.selenium.remote.ProtocolHandshake.createSession(ProtocolHandshake.java:128)
	at org.openqa.selenium.remote.ProtocolHandshake.createSession(ProtocolHandshake.java:74)
	at org.openqa.selenium.remote.HttpCommandExecutor.execute(HttpCommandExecutor.java:136)
	at org.openqa.selenium.remote.service.DriverCommandExecutor.execute(DriverCommandExecutor.java:83)
	at org.openqa.selenium.remote.RemoteWebDriver.execute(RemoteWebDriver.java:552)
	at org.openqa.selenium.remote.RemoteWebDriver.startSession(RemoteWebDriver.java:213)
	at org.openqa.selenium.remote.RemoteWebDriver.&lt;init&gt;(RemoteWebDriver.java:131)
	at org.openqa.selenium.chrome.ChromeDriver.&lt;init&gt;(ChromeDriver.java:181)
	at org.openqa.selenium.chrome.ChromeDriver.&lt;init&gt;(ChromeDriver.java:168)
	at org.openqa.selenium.chrome.ChromeDriver.&lt;init&gt;(ChromeDriver.java:123)
	at com.Utility.Baseclass.setUp(Baseclass.java:26)
	at java.base/java.util.ArrayList.forEach(ArrayList.java:1511)
... Removed 32 stack frames</div></td></tr></table><p class="totop"><a href="#summary">back to summary</a></p>
<h2>Test_Chrome</h2><h3 id="m3">com.Test.Test_1#setUp</h3><table class="result"><tr><th>Exception</th></tr><tr><td><div class="stacktrace">org.openqa.selenium.InvalidArgumentException: invalid argument
  (Session info: chrome=104.0.5112.81)
Build info: version: &apos;3.141.59&apos;, revision: &apos;e82be7d358&apos;, time: &apos;2018-11-14T08:17:03&apos;
System info: host: &apos;DESKTOP-MQONLJS&apos;, ip: &apos;192.168.165.218&apos;, os.name: &apos;Windows 10&apos;, os.arch: &apos;amd64&apos;, os.version: &apos;10.0&apos;, java.version: &apos;18.0.1.1&apos;
Driver info: org.openqa.selenium.chrome.ChromeDriver
Capabilities {acceptInsecureCerts: false, browserName: chrome, browserVersion: 104.0.5112.81, chrome: {chromedriverVersion: 104.0.5112.79 (3cf3e8c8a07d..., userDataDir: C:\Users\lenovo\AppData\Loc...}, goog:chromeOptions: {debuggerAddress: localhost:50951}, javascriptEnabled: true, networkConnectionEnabled: false, pageLoadStrategy: normal, platform: WINDOWS, platformName: WINDOWS, proxy: Proxy(), setWindowRect: true, strictFileInteractability: false, timeouts: {implicit: 0, pageLoad: 300000, script: 30000}, unhandledPromptBehavior: dismiss and notify, webauthn:extension:credBlob: true, webauthn:extension:largeBlob: true, webauthn:virtualAuthenticators: true}
Session ID: eac42efbc5b60987b9442b0f9cfb7207
	at org.openqa.selenium.remote.http.W3CHttpResponseCodec.createException(W3CHttpResponseCodec.java:187)
	at org.openqa.selenium.remote.http.W3CHttpResponseCodec.decode(W3CHttpResponseCodec.java:122)
	at org.openqa.selenium.remote.http.W3CHttpResponseCodec.decode(W3CHttpResponseCodec.java:49)
	at org.openqa.selenium.remote.HttpCommandExecutor.execute(HttpCommandExecutor.java:158)
	at org.openqa.selenium.remote.service.DriverCommandExecutor.execute(DriverCommandExecutor.java:83)
	at org.openqa.selenium.remote.RemoteWebDriver.execute(RemoteWebDriver.java:552)
	at org.openqa.selenium.remote.RemoteWebDriver.get(RemoteWebDriver.java:277)
	at com.Utility.Baseclass.setUp(Baseclass.java:27)
	at java.base/java.util.ArrayList.forEach(ArrayList.java:1511)
... Removed 32 stack frames</div></td></tr></table><p class="totop"><a href="#summary">back to summary</a></p>
<h3 id="m4">com.Test.Test_1#tearDown</h3><table class="result"><tr><th class="invisible"/></tr></table><p class="totop"><a href="#summary">back to summary</a></p>
<h3 id="m5">com.Test.Test_1#verifyTc_001</h3><table class="result"><tr><th>Exception</th></tr><tr><td><div class="stacktrace">org.openqa.selenium.InvalidArgumentException: invalid argument
  (Session info: chrome=104.0.5112.81)
Build info: version: &apos;3.141.59&apos;, revision: &apos;e82be7d358&apos;, time: &apos;2018-11-14T08:17:03&apos;
System info: host: &apos;DESKTOP-MQONLJS&apos;, ip: &apos;192.168.165.218&apos;, os.name: &apos;Windows 10&apos;, os.arch: &apos;amd64&apos;, os.version: &apos;10.0&apos;, java.version: &apos;18.0.1.1&apos;
Driver info: org.openqa.selenium.chrome.ChromeDriver
Capabilities {acceptInsecureCerts: false, browserName: chrome, browserVersion: 104.0.5112.81, chrome: {chromedriverVersion: 104.0.5112.79 (3cf3e8c8a07d..., userDataDir: C:\Users\lenovo\AppData\Loc...}, goog:chromeOptions: {debuggerAddress: localhost:50951}, javascriptEnabled: true, networkConnectionEnabled: false, pageLoadStrategy: normal, platform: WINDOWS, platformName: WINDOWS, proxy: Proxy(), setWindowRect: true, strictFileInteractability: false, timeouts: {implicit: 0, pageLoad: 300000, script: 30000}, unhandledPromptBehavior: dismiss and notify, webauthn:extension:credBlob: true, webauthn:extension:largeBlob: true, webauthn:virtualAuthenticators: true}
Session ID: eac42efbc5b60987b9442b0f9cfb7207
	at org.openqa.selenium.remote.http.W3CHttpResponseCodec.createException(W3CHttpResponseCodec.java:187)
	at org.openqa.selenium.remote.http.W3CHttpResponseCodec.decode(W3CHttpResponseCodec.java:122)
	at org.openqa.selenium.remote.http.W3CHttpResponseCodec.decode(W3CHttpResponseCodec.java:49)
	at org.openqa.selenium.remote.HttpCommandExecutor.execute(HttpCommandExecutor.java:158)
	at org.openqa.selenium.remote.service.DriverCommandExecutor.execute(DriverCommandExecutor.java:83)
	at org.openqa.selenium.remote.RemoteWebDriver.execute(RemoteWebDriver.java:552)
	at org.openqa.selenium.remote.RemoteWebDriver.get(RemoteWebDriver.java:277)
	at com.Utility.Baseclass.setUp(Baseclass.java:27)
	at java.base/java.util.ArrayList.forEach(ArrayList.java:1511)
... Removed 32 stack frames</div></td></tr></table><p class="totop"><a href="#summary">back to summary</a></p>
</body>
</html>
