<?xml version="1.0" encoding="UTF-8"?>
<testng-results ignored="0" total="2" passed="0" failed="0" skipped="2">
  <reporter-output>
  </reporter-output>
  <suite started-at="2022-08-12T15:29:11 IST" name="Suite" finished-at="2022-08-12T15:30:32 IST" duration-ms="81076">
    <groups>
    </groups>
    <test started-at="2022-08-12T15:29:11 IST" name="Test_Edge" finished-at="2022-08-12T15:30:21 IST" duration-ms="70192">
      <class name="com.Test.Test_1">
        <test-method is-config="true" signature="setUp()[pri:0, instance:com.Test.Test_1@710c2b53]" started-at="2022-08-12T15:29:11 IST" name="setUp" finished-at="2022-08-12T15:30:21 IST" duration-ms="69886" status="FAIL">
          <exception class="org.openqa.selenium.SessionNotCreatedException">
            <message>
              <![CDATA[session not created
from disconnected: received Inspector.detached event
  (Session info: chrome=104.0.5112.81)
Build info: version: '3.141.59', revision: 'e82be7d358', time: '2018-11-14T08:17:03'
System info: host: 'DESKTOP-MQONLJS', ip: '192.168.165.218', os.name: 'Windows 10', os.arch: 'amd64', os.version: '10.0', java.version: '18.0.1.1'
Driver info: driver.version: ChromeDriver
remote stacktrace: Backtrace:
Ordinal0 [0x003778B3+2193587]
Ordinal0 [0x00310681+1771137]
Ordinal0 [0x002241A8+803240]
Ordinal0 [0x00217E1E+753182]
Ordinal0 [0x00217A0F+752143]
Ordinal0 [0x00216FAF+749487]
Ordinal0 [0x00215E94+745108]
Ordinal0 [0x0021636D+746349]
Ordinal0 [0x00215AA5+744101]
Ordinal0 [0x0021FD53+785747]
Ordinal0 [0x00215A55+744021]
Ordinal0 [0x00216B58+748376]
Ordinal0 [0x00215E94+745108]
Ordinal0 [0x0021636D+746349]
Ordinal0 [0x00215AA5+744101]
Ordinal0 [0x0021DA58+776792]
Ordinal0 [0x00215A55+744021]
Ordinal0 [0x00216B58+748376]
Ordinal0 [0x00215E94+745108]
Ordinal0 [0x0021636D+746349]
Ordinal0 [0x00215AA5+744101]
Ordinal0 [0x0021B452+767058]
Ordinal0 [0x00215A55+744021]
Ordinal0 [0x00216B58+748376]
Ordinal0 [0x00215E94+745108]
Ordinal0 [0x0021636D+746349]
Ordinal0 [0x00215AA5+744101]
Ordinal0 [0x0021148D+726157]
Ordinal0 [0x00215A55+744021]
Ordinal0 [0x002157E0+743392]
Ordinal0 [0x00215529+742697]
Ordinal0 [0x00225500+808192]
Ordinal0 [0x00273449+1127497]
Ordinal0 [0x0027200A+1122314]
Ordinal0 [0x0026D5C6+1103302]
Ordinal0 [0x002477E0+948192]
Ordinal0 [0x002486E6+952038]
GetHandleVerifier [0x00620CB2+2738370]
GetHandleVerifier [0x006121B8+2678216]
GetHandleVerifier [0x004017AA+512954]
GetHandleVerifier [0x00400856+509030]
Ordinal0 [0x0031743B+1799227]
Ordinal0 [0x0031BB68+1817448]
Ordinal0 [0x0031BC55+1817685]
Ordinal0 [0x00325230+1856048]
BaseThreadInitThunk [0x770CFA29+25]
RtlGetAppContainerNamedObjectPath [0x77487A9E+286]
RtlGetAppContainerNamedObjectPath [0x77487A6E+238]
]]>
            </message>
            <full-stacktrace>
              <![CDATA[org.openqa.selenium.SessionNotCreatedException: session not created
from disconnected: received Inspector.detached event
  (Session info: chrome=104.0.5112.81)
Build info: version: '3.141.59', revision: 'e82be7d358', time: '2018-11-14T08:17:03'
System info: host: 'DESKTOP-MQONLJS', ip: '192.168.165.218', os.name: 'Windows 10', os.arch: 'amd64', os.version: '10.0', java.version: '18.0.1.1'
Driver info: driver.version: ChromeDriver
remote stacktrace: Backtrace:
Ordinal0 [0x003778B3+2193587]
Ordinal0 [0x00310681+1771137]
Ordinal0 [0x002241A8+803240]
Ordinal0 [0x00217E1E+753182]
Ordinal0 [0x00217A0F+752143]
Ordinal0 [0x00216FAF+749487]
Ordinal0 [0x00215E94+745108]
Ordinal0 [0x0021636D+746349]
Ordinal0 [0x00215AA5+744101]
Ordinal0 [0x0021FD53+785747]
Ordinal0 [0x00215A55+744021]
Ordinal0 [0x00216B58+748376]
Ordinal0 [0x00215E94+745108]
Ordinal0 [0x0021636D+746349]
Ordinal0 [0x00215AA5+744101]
Ordinal0 [0x0021DA58+776792]
Ordinal0 [0x00215A55+744021]
Ordinal0 [0x00216B58+748376]
Ordinal0 [0x00215E94+745108]
Ordinal0 [0x0021636D+746349]
Ordinal0 [0x00215AA5+744101]
Ordinal0 [0x0021B452+767058]
Ordinal0 [0x00215A55+744021]
Ordinal0 [0x00216B58+748376]
Ordinal0 [0x00215E94+745108]
Ordinal0 [0x0021636D+746349]
Ordinal0 [0x00215AA5+744101]
Ordinal0 [0x0021148D+726157]
Ordinal0 [0x00215A55+744021]
Ordinal0 [0x002157E0+743392]
Ordinal0 [0x00215529+742697]
Ordinal0 [0x00225500+808192]
Ordinal0 [0x00273449+1127497]
Ordinal0 [0x0027200A+1122314]
Ordinal0 [0x0026D5C6+1103302]
Ordinal0 [0x002477E0+948192]
Ordinal0 [0x002486E6+952038]
GetHandleVerifier [0x00620CB2+2738370]
GetHandleVerifier [0x006121B8+2678216]
GetHandleVerifier [0x004017AA+512954]
GetHandleVerifier [0x00400856+509030]
Ordinal0 [0x0031743B+1799227]
Ordinal0 [0x0031BB68+1817448]
Ordinal0 [0x0031BC55+1817685]
Ordinal0 [0x00325230+1856048]
BaseThreadInitThunk [0x770CFA29+25]
RtlGetAppContainerNamedObjectPath [0x77487A9E+286]
RtlGetAppContainerNamedObjectPath [0x77487A6E+238]

at java.base/jdk.internal.reflect.DirectConstructorHandleAccessor.newInstance(DirectConstructorHandleAccessor.java:67)
at java.base/java.lang.reflect.Constructor.newInstanceWithCaller(Constructor.java:499)
at java.base/java.lang.reflect.Constructor.newInstance(Constructor.java:483)
at org.openqa.selenium.remote.W3CHandshakeResponse.lambda$errorHandler$0(W3CHandshakeResponse.java:62)
at org.openqa.selenium.remote.HandshakeResponse.lambda$getResponseFunction$0(HandshakeResponse.java:30)
at org.openqa.selenium.remote.ProtocolHandshake.lambda$createSession$0(ProtocolHandshake.java:126)
at java.base/java.util.stream.ReferencePipeline$3$1.accept(ReferencePipeline.java:197)
at java.base/java.util.Spliterators$ArraySpliterator.tryAdvance(Spliterators.java:1002)
at java.base/java.util.stream.ReferencePipeline.forEachWithCancel(ReferencePipeline.java:129)
at java.base/java.util.stream.AbstractPipeline.copyIntoWithCancel(AbstractPipeline.java:527)
at java.base/java.util.stream.AbstractPipeline.copyInto(AbstractPipeline.java:513)
at java.base/java.util.stream.AbstractPipeline.wrapAndCopyInto(AbstractPipeline.java:499)
at java.base/java.util.stream.FindOps$FindOp.evaluateSequential(FindOps.java:150)
at java.base/java.util.stream.AbstractPipeline.evaluate(AbstractPipeline.java:234)
at java.base/java.util.stream.ReferencePipeline.findFirst(ReferencePipeline.java:647)
at org.openqa.selenium.remote.ProtocolHandshake.createSession(ProtocolHandshake.java:128)
at org.openqa.selenium.remote.ProtocolHandshake.createSession(ProtocolHandshake.java:74)
at org.openqa.selenium.remote.HttpCommandExecutor.execute(HttpCommandExecutor.java:136)
at org.openqa.selenium.remote.service.DriverCommandExecutor.execute(DriverCommandExecutor.java:83)
at org.openqa.selenium.remote.RemoteWebDriver.execute(RemoteWebDriver.java:552)
at org.openqa.selenium.remote.RemoteWebDriver.startSession(RemoteWebDriver.java:213)
at org.openqa.selenium.remote.RemoteWebDriver.<init>(RemoteWebDriver.java:131)
at org.openqa.selenium.chrome.ChromeDriver.<init>(ChromeDriver.java:181)
at org.openqa.selenium.chrome.ChromeDriver.<init>(ChromeDriver.java:168)
at org.openqa.selenium.chrome.ChromeDriver.<init>(ChromeDriver.java:123)
at com.Utility.Baseclass.setUp(Baseclass.java:26)
at java.base/jdk.internal.reflect.DirectMethodHandleAccessor.invoke(DirectMethodHandleAccessor.java:104)
at java.base/java.lang.reflect.Method.invoke(Method.java:577)
at org.testng.internal.MethodInvocationHelper.invokeMethod(MethodInvocationHelper.java:133)
at org.testng.internal.MethodInvocationHelper.invokeMethodConsideringTimeout(MethodInvocationHelper.java:62)
at org.testng.internal.ConfigInvoker.invokeConfigurationMethod(ConfigInvoker.java:385)
at org.testng.internal.ConfigInvoker.invokeConfigurations(ConfigInvoker.java:321)
at org.testng.internal.TestInvoker.runConfigMethods(TestInvoker.java:700)
at org.testng.internal.TestInvoker.invokeMethod(TestInvoker.java:527)
at org.testng.internal.TestInvoker.invokeTestMethod(TestInvoker.java:173)
at org.testng.internal.MethodRunner.runInSequence(MethodRunner.java:46)
at org.testng.internal.TestInvoker$MethodInvocationAgent.invoke(TestInvoker.java:824)
at org.testng.internal.TestInvoker.invokeTestMethods(TestInvoker.java:146)
at org.testng.internal.TestMethodWorker.invokeTestMethods(TestMethodWorker.java:146)
at org.testng.internal.TestMethodWorker.run(TestMethodWorker.java:128)
at java.base/java.util.ArrayList.forEach(ArrayList.java:1511)
at org.testng.TestRunner.privateRun(TestRunner.java:794)
at org.testng.TestRunner.run(TestRunner.java:596)
at org.testng.SuiteRunner.runTest(SuiteRunner.java:377)
at org.testng.SuiteRunner.runSequentially(SuiteRunner.java:371)
at org.testng.SuiteRunner.privateRun(SuiteRunner.java:332)
at org.testng.SuiteRunner.run(SuiteRunner.java:276)
at org.testng.SuiteRunnerWorker.runSuite(SuiteRunnerWorker.java:53)
at org.testng.SuiteRunnerWorker.run(SuiteRunnerWorker.java:96)
at org.testng.TestNG.runSuitesSequentially(TestNG.java:1212)
at org.testng.TestNG.runSuitesLocally(TestNG.java:1134)
at org.testng.TestNG.runSuites(TestNG.java:1063)
at org.testng.TestNG.run(TestNG.java:1031)
at org.testng.remote.AbstractRemoteTestNG.run(AbstractRemoteTestNG.java:115)
at org.testng.remote.RemoteTestNG.initAndRun(RemoteTestNG.java:251)
at org.testng.remote.RemoteTestNG.main(RemoteTestNG.java:77)
]]>
            </full-stacktrace>
          </exception> <!-- org.openqa.selenium.SessionNotCreatedException -->
          <reporter-output>
          </reporter-output>
        </test-method> <!-- setUp -->
        <test-method signature="verifyTc_001()[pri:0, instance:com.Test.Test_1@710c2b53]" started-at="2022-08-12T15:30:21 IST" name="verifyTc_001" finished-at="2022-08-12T15:30:21 IST" duration-ms="0" status="SKIP">
          <exception class="org.openqa.selenium.SessionNotCreatedException">
            <message>
              <![CDATA[session not created
from disconnected: received Inspector.detached event
  (Session info: chrome=104.0.5112.81)
Build info: version: '3.141.59', revision: 'e82be7d358', time: '2018-11-14T08:17:03'
System info: host: 'DESKTOP-MQONLJS', ip: '192.168.165.218', os.name: 'Windows 10', os.arch: 'amd64', os.version: '10.0', java.version: '18.0.1.1'
Driver info: driver.version: ChromeDriver
remote stacktrace: Backtrace:
Ordinal0 [0x003778B3+2193587]
Ordinal0 [0x00310681+1771137]
Ordinal0 [0x002241A8+803240]
Ordinal0 [0x00217E1E+753182]
Ordinal0 [0x00217A0F+752143]
Ordinal0 [0x00216FAF+749487]
Ordinal0 [0x00215E94+745108]
Ordinal0 [0x0021636D+746349]
Ordinal0 [0x00215AA5+744101]
Ordinal0 [0x0021FD53+785747]
Ordinal0 [0x00215A55+744021]
Ordinal0 [0x00216B58+748376]
Ordinal0 [0x00215E94+745108]
Ordinal0 [0x0021636D+746349]
Ordinal0 [0x00215AA5+744101]
Ordinal0 [0x0021DA58+776792]
Ordinal0 [0x00215A55+744021]
Ordinal0 [0x00216B58+748376]
Ordinal0 [0x00215E94+745108]
Ordinal0 [0x0021636D+746349]
Ordinal0 [0x00215AA5+744101]
Ordinal0 [0x0021B452+767058]
Ordinal0 [0x00215A55+744021]
Ordinal0 [0x00216B58+748376]
Ordinal0 [0x00215E94+745108]
Ordinal0 [0x0021636D+746349]
Ordinal0 [0x00215AA5+744101]
Ordinal0 [0x0021148D+726157]
Ordinal0 [0x00215A55+744021]
Ordinal0 [0x002157E0+743392]
Ordinal0 [0x00215529+742697]
Ordinal0 [0x00225500+808192]
Ordinal0 [0x00273449+1127497]
Ordinal0 [0x0027200A+1122314]
Ordinal0 [0x0026D5C6+1103302]
Ordinal0 [0x002477E0+948192]
Ordinal0 [0x002486E6+952038]
GetHandleVerifier [0x00620CB2+2738370]
GetHandleVerifier [0x006121B8+2678216]
GetHandleVerifier [0x004017AA+512954]
GetHandleVerifier [0x00400856+509030]
Ordinal0 [0x0031743B+1799227]
Ordinal0 [0x0031BB68+1817448]
Ordinal0 [0x0031BC55+1817685]
Ordinal0 [0x00325230+1856048]
BaseThreadInitThunk [0x770CFA29+25]
RtlGetAppContainerNamedObjectPath [0x77487A9E+286]
RtlGetAppContainerNamedObjectPath [0x77487A6E+238]
]]>
            </message>
            <full-stacktrace>
              <![CDATA[org.openqa.selenium.SessionNotCreatedException: session not created
from disconnected: received Inspector.detached event
  (Session info: chrome=104.0.5112.81)
Build info: version: '3.141.59', revision: 'e82be7d358', time: '2018-11-14T08:17:03'
System info: host: 'DESKTOP-MQONLJS', ip: '192.168.165.218', os.name: 'Windows 10', os.arch: 'amd64', os.version: '10.0', java.version: '18.0.1.1'
Driver info: driver.version: ChromeDriver
remote stacktrace: Backtrace:
Ordinal0 [0x003778B3+2193587]
Ordinal0 [0x00310681+1771137]
Ordinal0 [0x002241A8+803240]
Ordinal0 [0x00217E1E+753182]
Ordinal0 [0x00217A0F+752143]
Ordinal0 [0x00216FAF+749487]
Ordinal0 [0x00215E94+745108]
Ordinal0 [0x0021636D+746349]
Ordinal0 [0x00215AA5+744101]
Ordinal0 [0x0021FD53+785747]
Ordinal0 [0x00215A55+744021]
Ordinal0 [0x00216B58+748376]
Ordinal0 [0x00215E94+745108]
Ordinal0 [0x0021636D+746349]
Ordinal0 [0x00215AA5+744101]
Ordinal0 [0x0021DA58+776792]
Ordinal0 [0x00215A55+744021]
Ordinal0 [0x00216B58+748376]
Ordinal0 [0x00215E94+745108]
Ordinal0 [0x0021636D+746349]
Ordinal0 [0x00215AA5+744101]
Ordinal0 [0x0021B452+767058]
Ordinal0 [0x00215A55+744021]
Ordinal0 [0x00216B58+748376]
Ordinal0 [0x00215E94+745108]
Ordinal0 [0x0021636D+746349]
Ordinal0 [0x00215AA5+744101]
Ordinal0 [0x0021148D+726157]
Ordinal0 [0x00215A55+744021]
Ordinal0 [0x002157E0+743392]
Ordinal0 [0x00215529+742697]
Ordinal0 [0x00225500+808192]
Ordinal0 [0x00273449+1127497]
Ordinal0 [0x0027200A+1122314]
Ordinal0 [0x0026D5C6+1103302]
Ordinal0 [0x002477E0+948192]
Ordinal0 [0x002486E6+952038]
GetHandleVerifier [0x00620CB2+2738370]
GetHandleVerifier [0x006121B8+2678216]
GetHandleVerifier [0x004017AA+512954]
GetHandleVerifier [0x00400856+509030]
Ordinal0 [0x0031743B+1799227]
Ordinal0 [0x0031BB68+1817448]
Ordinal0 [0x0031BC55+1817685]
Ordinal0 [0x00325230+1856048]
BaseThreadInitThunk [0x770CFA29+25]
RtlGetAppContainerNamedObjectPath [0x77487A9E+286]
RtlGetAppContainerNamedObjectPath [0x77487A6E+238]

at java.base/jdk.internal.reflect.DirectConstructorHandleAccessor.newInstance(DirectConstructorHandleAccessor.java:67)
at java.base/java.lang.reflect.Constructor.newInstanceWithCaller(Constructor.java:499)
at java.base/java.lang.reflect.Constructor.newInstance(Constructor.java:483)
at org.openqa.selenium.remote.W3CHandshakeResponse.lambda$errorHandler$0(W3CHandshakeResponse.java:62)
at org.openqa.selenium.remote.HandshakeResponse.lambda$getResponseFunction$0(HandshakeResponse.java:30)
at org.openqa.selenium.remote.ProtocolHandshake.lambda$createSession$0(ProtocolHandshake.java:126)
at java.base/java.util.stream.ReferencePipeline$3$1.accept(ReferencePipeline.java:197)
at java.base/java.util.Spliterators$ArraySpliterator.tryAdvance(Spliterators.java:1002)
at java.base/java.util.stream.ReferencePipeline.forEachWithCancel(ReferencePipeline.java:129)
at java.base/java.util.stream.AbstractPipeline.copyIntoWithCancel(AbstractPipeline.java:527)
at java.base/java.util.stream.AbstractPipeline.copyInto(AbstractPipeline.java:513)
at java.base/java.util.stream.AbstractPipeline.wrapAndCopyInto(AbstractPipeline.java:499)
at java.base/java.util.stream.FindOps$FindOp.evaluateSequential(FindOps.java:150)
at java.base/java.util.stream.AbstractPipeline.evaluate(AbstractPipeline.java:234)
at java.base/java.util.stream.ReferencePipeline.findFirst(ReferencePipeline.java:647)
at org.openqa.selenium.remote.ProtocolHandshake.createSession(ProtocolHandshake.java:128)
at org.openqa.selenium.remote.ProtocolHandshake.createSession(ProtocolHandshake.java:74)
at org.openqa.selenium.remote.HttpCommandExecutor.execute(HttpCommandExecutor.java:136)
at org.openqa.selenium.remote.service.DriverCommandExecutor.execute(DriverCommandExecutor.java:83)
at org.openqa.selenium.remote.RemoteWebDriver.execute(RemoteWebDriver.java:552)
at org.openqa.selenium.remote.RemoteWebDriver.startSession(RemoteWebDriver.java:213)
at org.openqa.selenium.remote.RemoteWebDriver.<init>(RemoteWebDriver.java:131)
at org.openqa.selenium.chrome.ChromeDriver.<init>(ChromeDriver.java:181)
at org.openqa.selenium.chrome.ChromeDriver.<init>(ChromeDriver.java:168)
at org.openqa.selenium.chrome.ChromeDriver.<init>(ChromeDriver.java:123)
at com.Utility.Baseclass.setUp(Baseclass.java:26)
at java.base/jdk.internal.reflect.DirectMethodHandleAccessor.invoke(DirectMethodHandleAccessor.java:104)
at java.base/java.lang.reflect.Method.invoke(Method.java:577)
at org.testng.internal.MethodInvocationHelper.invokeMethod(MethodInvocationHelper.java:133)
at org.testng.internal.MethodInvocationHelper.invokeMethodConsideringTimeout(MethodInvocationHelper.java:62)
at org.testng.internal.ConfigInvoker.invokeConfigurationMethod(ConfigInvoker.java:385)
at org.testng.internal.ConfigInvoker.invokeConfigurations(ConfigInvoker.java:321)
at org.testng.internal.TestInvoker.runConfigMethods(TestInvoker.java:700)
at org.testng.internal.TestInvoker.invokeMethod(TestInvoker.java:527)
at org.testng.internal.TestInvoker.invokeTestMethod(TestInvoker.java:173)
at org.testng.internal.MethodRunner.runInSequence(MethodRunner.java:46)
at org.testng.internal.TestInvoker$MethodInvocationAgent.invoke(TestInvoker.java:824)
at org.testng.internal.TestInvoker.invokeTestMethods(TestInvoker.java:146)
at org.testng.internal.TestMethodWorker.invokeTestMethods(TestMethodWorker.java:146)
at org.testng.internal.TestMethodWorker.run(TestMethodWorker.java:128)
at java.base/java.util.ArrayList.forEach(ArrayList.java:1511)
at org.testng.TestRunner.privateRun(TestRunner.java:794)
at org.testng.TestRunner.run(TestRunner.java:596)
at org.testng.SuiteRunner.runTest(SuiteRunner.java:377)
at org.testng.SuiteRunner.runSequentially(SuiteRunner.java:371)
at org.testng.SuiteRunner.privateRun(SuiteRunner.java:332)
at org.testng.SuiteRunner.run(SuiteRunner.java:276)
at org.testng.SuiteRunnerWorker.runSuite(SuiteRunnerWorker.java:53)
at org.testng.SuiteRunnerWorker.run(SuiteRunnerWorker.java:96)
at org.testng.TestNG.runSuitesSequentially(TestNG.java:1212)
at org.testng.TestNG.runSuitesLocally(TestNG.java:1134)
at org.testng.TestNG.runSuites(TestNG.java:1063)
at org.testng.TestNG.run(TestNG.java:1031)
at org.testng.remote.AbstractRemoteTestNG.run(AbstractRemoteTestNG.java:115)
at org.testng.remote.RemoteTestNG.initAndRun(RemoteTestNG.java:251)
at org.testng.remote.RemoteTestNG.main(RemoteTestNG.java:77)
]]>
            </full-stacktrace>
          </exception> <!-- org.openqa.selenium.SessionNotCreatedException -->
          <reporter-output>
          </reporter-output>
        </test-method> <!-- verifyTc_001 -->
        <test-method is-config="true" signature="tearDown()[pri:0, instance:com.Test.Test_1@710c2b53]" started-at="2022-08-12T15:30:21 IST" name="tearDown" finished-at="1970-01-01T05:30:00 IST" duration-ms="-1660298421322" status="SKIP">
          <reporter-output>
          </reporter-output>
        </test-method> <!-- tearDown -->
      </class> <!-- com.Test.Test_1 -->
    </test> <!-- Test_Edge -->
    <test started-at="2022-08-12T15:30:22 IST" name="Test_Chrome" finished-at="2022-08-12T15:30:32 IST" duration-ms="9492">
      <class name="com.Test.Test_1">
        <test-method is-config="true" signature="BS()[pri:0, instance:com.Test.Test_1@45d84a20]" started-at="2022-08-12T15:29:00 IST" name="BS" finished-at="2022-08-12T15:29:11 IST" duration-ms="11040" status="PASS">
          <reporter-output>
          </reporter-output>
        </test-method> <!-- BS -->
        <test-method is-config="true" signature="setUp()[pri:0, instance:com.Test.Test_1@45d84a20]" started-at="2022-08-12T15:30:22 IST" name="setUp" finished-at="2022-08-12T15:30:32 IST" duration-ms="9475" status="FAIL">
          <exception class="org.openqa.selenium.InvalidArgumentException">
            <message>
              <![CDATA[invalid argument
  (Session info: chrome=104.0.5112.81)
Build info: version: '3.141.59', revision: 'e82be7d358', time: '2018-11-14T08:17:03'
System info: host: 'DESKTOP-MQONLJS', ip: '192.168.165.218', os.name: 'Windows 10', os.arch: 'amd64', os.version: '10.0', java.version: '18.0.1.1'
Driver info: org.openqa.selenium.chrome.ChromeDriver
Capabilities {acceptInsecureCerts: false, browserName: chrome, browserVersion: 104.0.5112.81, chrome: {chromedriverVersion: 104.0.5112.79 (3cf3e8c8a07d..., userDataDir: C:\Users\lenovo\AppData\Loc...}, goog:chromeOptions: {debuggerAddress: localhost:50951}, javascriptEnabled: true, networkConnectionEnabled: false, pageLoadStrategy: normal, platform: WINDOWS, platformName: WINDOWS, proxy: Proxy(), setWindowRect: true, strictFileInteractability: false, timeouts: {implicit: 0, pageLoad: 300000, script: 30000}, unhandledPromptBehavior: dismiss and notify, webauthn:extension:credBlob: true, webauthn:extension:largeBlob: true, webauthn:virtualAuthenticators: true}
Session ID: eac42efbc5b60987b9442b0f9cfb7207]]>
            </message>
            <full-stacktrace>
              <![CDATA[org.openqa.selenium.InvalidArgumentException: invalid argument
  (Session info: chrome=104.0.5112.81)
Build info: version: '3.141.59', revision: 'e82be7d358', time: '2018-11-14T08:17:03'
System info: host: 'DESKTOP-MQONLJS', ip: '192.168.165.218', os.name: 'Windows 10', os.arch: 'amd64', os.version: '10.0', java.version: '18.0.1.1'
Driver info: org.openqa.selenium.chrome.ChromeDriver
Capabilities {acceptInsecureCerts: false, browserName: chrome, browserVersion: 104.0.5112.81, chrome: {chromedriverVersion: 104.0.5112.79 (3cf3e8c8a07d..., userDataDir: C:\Users\lenovo\AppData\Loc...}, goog:chromeOptions: {debuggerAddress: localhost:50951}, javascriptEnabled: true, networkConnectionEnabled: false, pageLoadStrategy: normal, platform: WINDOWS, platformName: WINDOWS, proxy: Proxy(), setWindowRect: true, strictFileInteractability: false, timeouts: {implicit: 0, pageLoad: 300000, script: 30000}, unhandledPromptBehavior: dismiss and notify, webauthn:extension:credBlob: true, webauthn:extension:largeBlob: true, webauthn:virtualAuthenticators: true}
Session ID: eac42efbc5b60987b9442b0f9cfb7207
at java.base/jdk.internal.reflect.DirectConstructorHandleAccessor.newInstance(DirectConstructorHandleAccessor.java:67)
at java.base/java.lang.reflect.Constructor.newInstanceWithCaller(Constructor.java:499)
at java.base/java.lang.reflect.Constructor.newInstance(Constructor.java:483)
at org.openqa.selenium.remote.http.W3CHttpResponseCodec.createException(W3CHttpResponseCodec.java:187)
at org.openqa.selenium.remote.http.W3CHttpResponseCodec.decode(W3CHttpResponseCodec.java:122)
at org.openqa.selenium.remote.http.W3CHttpResponseCodec.decode(W3CHttpResponseCodec.java:49)
at org.openqa.selenium.remote.HttpCommandExecutor.execute(HttpCommandExecutor.java:158)
at org.openqa.selenium.remote.service.DriverCommandExecutor.execute(DriverCommandExecutor.java:83)
at org.openqa.selenium.remote.RemoteWebDriver.execute(RemoteWebDriver.java:552)
at org.openqa.selenium.remote.RemoteWebDriver.get(RemoteWebDriver.java:277)
at com.Utility.Baseclass.setUp(Baseclass.java:27)
at java.base/jdk.internal.reflect.DirectMethodHandleAccessor.invoke(DirectMethodHandleAccessor.java:104)
at java.base/java.lang.reflect.Method.invoke(Method.java:577)
at org.testng.internal.MethodInvocationHelper.invokeMethod(MethodInvocationHelper.java:133)
at org.testng.internal.MethodInvocationHelper.invokeMethodConsideringTimeout(MethodInvocationHelper.java:62)
at org.testng.internal.ConfigInvoker.invokeConfigurationMethod(ConfigInvoker.java:385)
at org.testng.internal.ConfigInvoker.invokeConfigurations(ConfigInvoker.java:321)
at org.testng.internal.TestInvoker.runConfigMethods(TestInvoker.java:700)
at org.testng.internal.TestInvoker.invokeMethod(TestInvoker.java:527)
at org.testng.internal.TestInvoker.invokeTestMethod(TestInvoker.java:173)
at org.testng.internal.MethodRunner.runInSequence(MethodRunner.java:46)
at org.testng.internal.TestInvoker$MethodInvocationAgent.invoke(TestInvoker.java:824)
at org.testng.internal.TestInvoker.invokeTestMethods(TestInvoker.java:146)
at org.testng.internal.TestMethodWorker.invokeTestMethods(TestMethodWorker.java:146)
at org.testng.internal.TestMethodWorker.run(TestMethodWorker.java:128)
at java.base/java.util.ArrayList.forEach(ArrayList.java:1511)
at org.testng.TestRunner.privateRun(TestRunner.java:794)
at org.testng.TestRunner.run(TestRunner.java:596)
at org.testng.SuiteRunner.runTest(SuiteRunner.java:377)
at org.testng.SuiteRunner.runSequentially(SuiteRunner.java:371)
at org.testng.SuiteRunner.privateRun(SuiteRunner.java:332)
at org.testng.SuiteRunner.run(SuiteRunner.java:276)
at org.testng.SuiteRunnerWorker.runSuite(SuiteRunnerWorker.java:53)
at org.testng.SuiteRunnerWorker.run(SuiteRunnerWorker.java:96)
at org.testng.TestNG.runSuitesSequentially(TestNG.java:1212)
at org.testng.TestNG.runSuitesLocally(TestNG.java:1134)
at org.testng.TestNG.runSuites(TestNG.java:1063)
at org.testng.TestNG.run(TestNG.java:1031)
at org.testng.remote.AbstractRemoteTestNG.run(AbstractRemoteTestNG.java:115)
at org.testng.remote.RemoteTestNG.initAndRun(RemoteTestNG.java:251)
at org.testng.remote.RemoteTestNG.main(RemoteTestNG.java:77)
]]>
            </full-stacktrace>
          </exception> <!-- org.openqa.selenium.InvalidArgumentException -->
          <reporter-output>
          </reporter-output>
        </test-method> <!-- setUp -->
        <test-method signature="verifyTc_001()[pri:0, instance:com.Test.Test_1@45d84a20]" started-at="2022-08-12T15:30:32 IST" name="verifyTc_001" finished-at="2022-08-12T15:30:32 IST" duration-ms="0" status="SKIP">
          <exception class="org.openqa.selenium.InvalidArgumentException">
            <message>
              <![CDATA[invalid argument
  (Session info: chrome=104.0.5112.81)
Build info: version: '3.141.59', revision: 'e82be7d358', time: '2018-11-14T08:17:03'
System info: host: 'DESKTOP-MQONLJS', ip: '192.168.165.218', os.name: 'Windows 10', os.arch: 'amd64', os.version: '10.0', java.version: '18.0.1.1'
Driver info: org.openqa.selenium.chrome.ChromeDriver
Capabilities {acceptInsecureCerts: false, browserName: chrome, browserVersion: 104.0.5112.81, chrome: {chromedriverVersion: 104.0.5112.79 (3cf3e8c8a07d..., userDataDir: C:\Users\lenovo\AppData\Loc...}, goog:chromeOptions: {debuggerAddress: localhost:50951}, javascriptEnabled: true, networkConnectionEnabled: false, pageLoadStrategy: normal, platform: WINDOWS, platformName: WINDOWS, proxy: Proxy(), setWindowRect: true, strictFileInteractability: false, timeouts: {implicit: 0, pageLoad: 300000, script: 30000}, unhandledPromptBehavior: dismiss and notify, webauthn:extension:credBlob: true, webauthn:extension:largeBlob: true, webauthn:virtualAuthenticators: true}
Session ID: eac42efbc5b60987b9442b0f9cfb7207]]>
            </message>
            <full-stacktrace>
              <![CDATA[org.openqa.selenium.InvalidArgumentException: invalid argument
  (Session info: chrome=104.0.5112.81)
Build info: version: '3.141.59', revision: 'e82be7d358', time: '2018-11-14T08:17:03'
System info: host: 'DESKTOP-MQONLJS', ip: '192.168.165.218', os.name: 'Windows 10', os.arch: 'amd64', os.version: '10.0', java.version: '18.0.1.1'
Driver info: org.openqa.selenium.chrome.ChromeDriver
Capabilities {acceptInsecureCerts: false, browserName: chrome, browserVersion: 104.0.5112.81, chrome: {chromedriverVersion: 104.0.5112.79 (3cf3e8c8a07d..., userDataDir: C:\Users\lenovo\AppData\Loc...}, goog:chromeOptions: {debuggerAddress: localhost:50951}, javascriptEnabled: true, networkConnectionEnabled: false, pageLoadStrategy: normal, platform: WINDOWS, platformName: WINDOWS, proxy: Proxy(), setWindowRect: true, strictFileInteractability: false, timeouts: {implicit: 0, pageLoad: 300000, script: 30000}, unhandledPromptBehavior: dismiss and notify, webauthn:extension:credBlob: true, webauthn:extension:largeBlob: true, webauthn:virtualAuthenticators: true}
Session ID: eac42efbc5b60987b9442b0f9cfb7207
at java.base/jdk.internal.reflect.DirectConstructorHandleAccessor.newInstance(DirectConstructorHandleAccessor.java:67)
at java.base/java.lang.reflect.Constructor.newInstanceWithCaller(Constructor.java:499)
at java.base/java.lang.reflect.Constructor.newInstance(Constructor.java:483)
at org.openqa.selenium.remote.http.W3CHttpResponseCodec.createException(W3CHttpResponseCodec.java:187)
at org.openqa.selenium.remote.http.W3CHttpResponseCodec.decode(W3CHttpResponseCodec.java:122)
at org.openqa.selenium.remote.http.W3CHttpResponseCodec.decode(W3CHttpResponseCodec.java:49)
at org.openqa.selenium.remote.HttpCommandExecutor.execute(HttpCommandExecutor.java:158)
at org.openqa.selenium.remote.service.DriverCommandExecutor.execute(DriverCommandExecutor.java:83)
at org.openqa.selenium.remote.RemoteWebDriver.execute(RemoteWebDriver.java:552)
at org.openqa.selenium.remote.RemoteWebDriver.get(RemoteWebDriver.java:277)
at com.Utility.Baseclass.setUp(Baseclass.java:27)
at java.base/jdk.internal.reflect.DirectMethodHandleAccessor.invoke(DirectMethodHandleAccessor.java:104)
at java.base/java.lang.reflect.Method.invoke(Method.java:577)
at org.testng.internal.MethodInvocationHelper.invokeMethod(MethodInvocationHelper.java:133)
at org.testng.internal.MethodInvocationHelper.invokeMethodConsideringTimeout(MethodInvocationHelper.java:62)
at org.testng.internal.ConfigInvoker.invokeConfigurationMethod(ConfigInvoker.java:385)
at org.testng.internal.ConfigInvoker.invokeConfigurations(ConfigInvoker.java:321)
at org.testng.internal.TestInvoker.runConfigMethods(TestInvoker.java:700)
at org.testng.internal.TestInvoker.invokeMethod(TestInvoker.java:527)
at org.testng.internal.TestInvoker.invokeTestMethod(TestInvoker.java:173)
at org.testng.internal.MethodRunner.runInSequence(MethodRunner.java:46)
at org.testng.internal.TestInvoker$MethodInvocationAgent.invoke(TestInvoker.java:824)
at org.testng.internal.TestInvoker.invokeTestMethods(TestInvoker.java:146)
at org.testng.internal.TestMethodWorker.invokeTestMethods(TestMethodWorker.java:146)
at org.testng.internal.TestMethodWorker.run(TestMethodWorker.java:128)
at java.base/java.util.ArrayList.forEach(ArrayList.java:1511)
at org.testng.TestRunner.privateRun(TestRunner.java:794)
at org.testng.TestRunner.run(TestRunner.java:596)
at org.testng.SuiteRunner.runTest(SuiteRunner.java:377)
at org.testng.SuiteRunner.runSequentially(SuiteRunner.java:371)
at org.testng.SuiteRunner.privateRun(SuiteRunner.java:332)
at org.testng.SuiteRunner.run(SuiteRunner.java:276)
at org.testng.SuiteRunnerWorker.runSuite(SuiteRunnerWorker.java:53)
at org.testng.SuiteRunnerWorker.run(SuiteRunnerWorker.java:96)
at org.testng.TestNG.runSuitesSequentially(TestNG.java:1212)
at org.testng.TestNG.runSuitesLocally(TestNG.java:1134)
at org.testng.TestNG.runSuites(TestNG.java:1063)
at org.testng.TestNG.run(TestNG.java:1031)
at org.testng.remote.AbstractRemoteTestNG.run(AbstractRemoteTestNG.java:115)
at org.testng.remote.RemoteTestNG.initAndRun(RemoteTestNG.java:251)
at org.testng.remote.RemoteTestNG.main(RemoteTestNG.java:77)
]]>
            </full-stacktrace>
          </exception> <!-- org.openqa.selenium.InvalidArgumentException -->
          <reporter-output>
          </reporter-output>
        </test-method> <!-- verifyTc_001 -->
        <test-method is-config="true" signature="tearDown()[pri:0, instance:com.Test.Test_1@45d84a20]" started-at="2022-08-12T15:30:32 IST" name="tearDown" finished-at="1970-01-01T05:30:00 IST" duration-ms="-1660298432226" status="SKIP">
          <reporter-output>
          </reporter-output>
        </test-method> <!-- tearDown -->
      </class> <!-- com.Test.Test_1 -->
    </test> <!-- Test_Chrome -->
  </suite> <!-- Suite -->
</testng-results>
